INFO - 2025-01-16 00:18:54 --> Session: Class initialized using 'CodeIgniter\Session\Handlers\FileHandler' driver.
WARNING - 2025-01-16 00:18:55 --> [DEPRECATED] Creation of dynamic property App\Controllers\Inspection::$containerModel is deprecated in APPPATH\Controllers\Inspection.php on line 19.
 1 SYSTEMPATH\CodeIgniter.php(903): App\Controllers\Inspection->__construct()
 2 SYSTEMPATH\CodeIgniter.php(500): CodeIgniter\CodeIgniter->createController()
 3 SYSTEMPATH\CodeIgniter.php(355): CodeIgniter\CodeIgniter->handleRequest(null, Object(Config\Cache), false)
 4 SYSTEMPATH\Boot.php(312): CodeIgniter\CodeIgniter->run()
 5 SYSTEMPATH\Boot.php(67): CodeIgniter\Boot::runCodeIgniter(Object(CodeIgniter\CodeIgniter))
 6 FCPATH\index.php(56): CodeIgniter\Boot::bootWeb(Object(Config\Paths))
 7 SYSTEMPATH\Commands\Server\rewrite.php(49): require_once('C:\\Users\\rafii\\Downloads\\monsikon_be\\public\\index.php')
WARNING - 2025-01-16 00:18:55 --> [DEPRECATED] Optional parameter $keyword declared before required parameter $companyId is implicitly treated as a required parameter in APPPATH\Models\UserModel.php on line 49.
 1 VENDORPATH\composer\ClassLoader.php(576): include('C:\\Users\\rafii\\Downloads\\monsikon_be\\vendor\\codeigniter4\\framework\\system\\Debug\\Exceptions.php')
 2 VENDORPATH\composer\ClassLoader.php(427): Composer\Autoload\{closure}('C:\\Users\\rafii\\Downloads\\monsikon_be\\vendor\\composer/../../app/Models/UserModel.php')
 3 APPPATH\Controllers\Inspection.php(20): Composer\Autoload\ClassLoader->loadClass('App\\Models\\UserModel')
 4 SYSTEMPATH\CodeIgniter.php(903): App\Controllers\Inspection->__construct()
 5 SYSTEMPATH\CodeIgniter.php(500): CodeIgniter\CodeIgniter->createController()
 6 SYSTEMPATH\CodeIgniter.php(355): CodeIgniter\CodeIgniter->handleRequest(null, Object(Config\Cache), false)
 7 SYSTEMPATH\Boot.php(312): CodeIgniter\CodeIgniter->run()
 8 SYSTEMPATH\Boot.php(67): CodeIgniter\Boot::runCodeIgniter(Object(CodeIgniter\CodeIgniter))
 9 FCPATH\index.php(56): CodeIgniter\Boot::bootWeb(Object(Config\Paths))
10 SYSTEMPATH\Commands\Server\rewrite.php(49): require_once('C:\\Users\\rafii\\Downloads\\monsikon_be\\public\\index.php')
WARNING - 2025-01-16 00:18:55 --> [DEPRECATED] Creation of dynamic property App\Controllers\Inspection::$userModel is deprecated in APPPATH\Controllers\Inspection.php on line 20.
 1 SYSTEMPATH\CodeIgniter.php(903): App\Controllers\Inspection->__construct()
 2 SYSTEMPATH\CodeIgniter.php(500): CodeIgniter\CodeIgniter->createController()
 3 SYSTEMPATH\CodeIgniter.php(355): CodeIgniter\CodeIgniter->handleRequest(null, Object(Config\Cache), false)
 4 SYSTEMPATH\Boot.php(312): CodeIgniter\CodeIgniter->run()
 5 SYSTEMPATH\Boot.php(67): CodeIgniter\Boot::runCodeIgniter(Object(CodeIgniter\CodeIgniter))
 6 FCPATH\index.php(56): CodeIgniter\Boot::bootWeb(Object(Config\Paths))
 7 SYSTEMPATH\Commands\Server\rewrite.php(49): require_once('C:\\Users\\rafii\\Downloads\\monsikon_be\\public\\index.php')
WARNING - 2025-01-16 00:18:55 --> [DEPRECATED] Creation of dynamic property App\Controllers\Inspection::$inspectionModel is deprecated in APPPATH\Controllers\Inspection.php on line 21.
 1 SYSTEMPATH\CodeIgniter.php(903): App\Controllers\Inspection->__construct()
 2 SYSTEMPATH\CodeIgniter.php(500): CodeIgniter\CodeIgniter->createController()
 3 SYSTEMPATH\CodeIgniter.php(355): CodeIgniter\CodeIgniter->handleRequest(null, Object(Config\Cache), false)
 4 SYSTEMPATH\Boot.php(312): CodeIgniter\CodeIgniter->run()
 5 SYSTEMPATH\Boot.php(67): CodeIgniter\Boot::runCodeIgniter(Object(CodeIgniter\CodeIgniter))
 6 FCPATH\index.php(56): CodeIgniter\Boot::bootWeb(Object(Config\Paths))
 7 SYSTEMPATH\Commands\Server\rewrite.php(49): require_once('C:\\Users\\rafii\\Downloads\\monsikon_be\\public\\index.php')
WARNING - 2025-01-16 00:18:55 --> [DEPRECATED] Creation of dynamic property App\Controllers\Inspection::$curl is deprecated in APPPATH\Controllers\Inspection.php on line 22.
 1 SYSTEMPATH\CodeIgniter.php(903): App\Controllers\Inspection->__construct()
 2 SYSTEMPATH\CodeIgniter.php(500): CodeIgniter\CodeIgniter->createController()
 3 SYSTEMPATH\CodeIgniter.php(355): CodeIgniter\CodeIgniter->handleRequest(null, Object(Config\Cache), false)
 4 SYSTEMPATH\Boot.php(312): CodeIgniter\CodeIgniter->run()
 5 SYSTEMPATH\Boot.php(67): CodeIgniter\Boot::runCodeIgniter(Object(CodeIgniter\CodeIgniter))
 6 FCPATH\index.php(56): CodeIgniter\Boot::bootWeb(Object(Config\Paths))
 7 SYSTEMPATH\Commands\Server\rewrite.php(49): require_once('C:\\Users\\rafii\\Downloads\\monsikon_be\\public\\index.php')
INFO - 2025-01-16 00:19:09 --> Session: Class initialized using 'CodeIgniter\Session\Handlers\FileHandler' driver.
WARNING - 2025-01-16 00:19:09 --> [DEPRECATED] Creation of dynamic property App\Controllers\Inspection::$containerModel is deprecated in APPPATH\Controllers\Inspection.php on line 19.
 1 SYSTEMPATH\CodeIgniter.php(903): App\Controllers\Inspection->__construct()
 2 SYSTEMPATH\CodeIgniter.php(500): CodeIgniter\CodeIgniter->createController()
 3 SYSTEMPATH\CodeIgniter.php(355): CodeIgniter\CodeIgniter->handleRequest(null, Object(Config\Cache), false)
 4 SYSTEMPATH\Boot.php(312): CodeIgniter\CodeIgniter->run()
 5 SYSTEMPATH\Boot.php(67): CodeIgniter\Boot::runCodeIgniter(Object(CodeIgniter\CodeIgniter))
 6 FCPATH\index.php(56): CodeIgniter\Boot::bootWeb(Object(Config\Paths))
 7 SYSTEMPATH\Commands\Server\rewrite.php(49): require_once('C:\\Users\\rafii\\Downloads\\monsikon_be\\public\\index.php')
WARNING - 2025-01-16 00:19:09 --> [DEPRECATED] Optional parameter $keyword declared before required parameter $companyId is implicitly treated as a required parameter in APPPATH\Models\UserModel.php on line 49.
 1 VENDORPATH\composer\ClassLoader.php(576): include('C:\\Users\\rafii\\Downloads\\monsikon_be\\vendor\\codeigniter4\\framework\\system\\Debug\\Exceptions.php')
 2 VENDORPATH\composer\ClassLoader.php(427): Composer\Autoload\{closure}('C:\\Users\\rafii\\Downloads\\monsikon_be\\vendor\\composer/../../app/Models/UserModel.php')
 3 APPPATH\Controllers\Inspection.php(20): Composer\Autoload\ClassLoader->loadClass('App\\Models\\UserModel')
 4 SYSTEMPATH\CodeIgniter.php(903): App\Controllers\Inspection->__construct()
 5 SYSTEMPATH\CodeIgniter.php(500): CodeIgniter\CodeIgniter->createController()
 6 SYSTEMPATH\CodeIgniter.php(355): CodeIgniter\CodeIgniter->handleRequest(null, Object(Config\Cache), false)
 7 SYSTEMPATH\Boot.php(312): CodeIgniter\CodeIgniter->run()
 8 SYSTEMPATH\Boot.php(67): CodeIgniter\Boot::runCodeIgniter(Object(CodeIgniter\CodeIgniter))
 9 FCPATH\index.php(56): CodeIgniter\Boot::bootWeb(Object(Config\Paths))
10 SYSTEMPATH\Commands\Server\rewrite.php(49): require_once('C:\\Users\\rafii\\Downloads\\monsikon_be\\public\\index.php')
WARNING - 2025-01-16 00:19:09 --> [DEPRECATED] Creation of dynamic property App\Controllers\Inspection::$userModel is deprecated in APPPATH\Controllers\Inspection.php on line 20.
 1 SYSTEMPATH\CodeIgniter.php(903): App\Controllers\Inspection->__construct()
 2 SYSTEMPATH\CodeIgniter.php(500): CodeIgniter\CodeIgniter->createController()
 3 SYSTEMPATH\CodeIgniter.php(355): CodeIgniter\CodeIgniter->handleRequest(null, Object(Config\Cache), false)
 4 SYSTEMPATH\Boot.php(312): CodeIgniter\CodeIgniter->run()
 5 SYSTEMPATH\Boot.php(67): CodeIgniter\Boot::runCodeIgniter(Object(CodeIgniter\CodeIgniter))
 6 FCPATH\index.php(56): CodeIgniter\Boot::bootWeb(Object(Config\Paths))
 7 SYSTEMPATH\Commands\Server\rewrite.php(49): require_once('C:\\Users\\rafii\\Downloads\\monsikon_be\\public\\index.php')
WARNING - 2025-01-16 00:19:09 --> [DEPRECATED] Creation of dynamic property App\Controllers\Inspection::$inspectionModel is deprecated in APPPATH\Controllers\Inspection.php on line 21.
 1 SYSTEMPATH\CodeIgniter.php(903): App\Controllers\Inspection->__construct()
 2 SYSTEMPATH\CodeIgniter.php(500): CodeIgniter\CodeIgniter->createController()
 3 SYSTEMPATH\CodeIgniter.php(355): CodeIgniter\CodeIgniter->handleRequest(null, Object(Config\Cache), false)
 4 SYSTEMPATH\Boot.php(312): CodeIgniter\CodeIgniter->run()
 5 SYSTEMPATH\Boot.php(67): CodeIgniter\Boot::runCodeIgniter(Object(CodeIgniter\CodeIgniter))
 6 FCPATH\index.php(56): CodeIgniter\Boot::bootWeb(Object(Config\Paths))
 7 SYSTEMPATH\Commands\Server\rewrite.php(49): require_once('C:\\Users\\rafii\\Downloads\\monsikon_be\\public\\index.php')
WARNING - 2025-01-16 00:19:09 --> [DEPRECATED] Creation of dynamic property App\Controllers\Inspection::$curl is deprecated in APPPATH\Controllers\Inspection.php on line 22.
 1 SYSTEMPATH\CodeIgniter.php(903): App\Controllers\Inspection->__construct()
 2 SYSTEMPATH\CodeIgniter.php(500): CodeIgniter\CodeIgniter->createController()
 3 SYSTEMPATH\CodeIgniter.php(355): CodeIgniter\CodeIgniter->handleRequest(null, Object(Config\Cache), false)
 4 SYSTEMPATH\Boot.php(312): CodeIgniter\CodeIgniter->run()
 5 SYSTEMPATH\Boot.php(67): CodeIgniter\Boot::runCodeIgniter(Object(CodeIgniter\CodeIgniter))
 6 FCPATH\index.php(56): CodeIgniter\Boot::bootWeb(Object(Config\Paths))
 7 SYSTEMPATH\Commands\Server\rewrite.php(49): require_once('C:\\Users\\rafii\\Downloads\\monsikon_be\\public\\index.php')
INFO - 2025-01-16 00:19:10 --> Session: Class initialized using 'CodeIgniter\Session\Handlers\FileHandler' driver.
WARNING - 2025-01-16 00:19:10 --> [DEPRECATED] Creation of dynamic property App\Controllers\Inspection::$containerModel is deprecated in APPPATH\Controllers\Inspection.php on line 19.
 1 SYSTEMPATH\CodeIgniter.php(903): App\Controllers\Inspection->__construct()
 2 SYSTEMPATH\CodeIgniter.php(500): CodeIgniter\CodeIgniter->createController()
 3 SYSTEMPATH\CodeIgniter.php(355): CodeIgniter\CodeIgniter->handleRequest(null, Object(Config\Cache), false)
 4 SYSTEMPATH\Boot.php(312): CodeIgniter\CodeIgniter->run()
 5 SYSTEMPATH\Boot.php(67): CodeIgniter\Boot::runCodeIgniter(Object(CodeIgniter\CodeIgniter))
 6 FCPATH\index.php(56): CodeIgniter\Boot::bootWeb(Object(Config\Paths))
 7 SYSTEMPATH\Commands\Server\rewrite.php(49): require_once('C:\\Users\\rafii\\Downloads\\monsikon_be\\public\\index.php')
WARNING - 2025-01-16 00:19:10 --> [DEPRECATED] Optional parameter $keyword declared before required parameter $companyId is implicitly treated as a required parameter in APPPATH\Models\UserModel.php on line 49.
 1 VENDORPATH\composer\ClassLoader.php(576): include('C:\\Users\\rafii\\Downloads\\monsikon_be\\vendor\\codeigniter4\\framework\\system\\Debug\\Exceptions.php')
 2 VENDORPATH\composer\ClassLoader.php(427): Composer\Autoload\{closure}('C:\\Users\\rafii\\Downloads\\monsikon_be\\vendor\\composer/../../app/Models/UserModel.php')
 3 APPPATH\Controllers\Inspection.php(20): Composer\Autoload\ClassLoader->loadClass('App\\Models\\UserModel')
 4 SYSTEMPATH\CodeIgniter.php(903): App\Controllers\Inspection->__construct()
 5 SYSTEMPATH\CodeIgniter.php(500): CodeIgniter\CodeIgniter->createController()
 6 SYSTEMPATH\CodeIgniter.php(355): CodeIgniter\CodeIgniter->handleRequest(null, Object(Config\Cache), false)
 7 SYSTEMPATH\Boot.php(312): CodeIgniter\CodeIgniter->run()
 8 SYSTEMPATH\Boot.php(67): CodeIgniter\Boot::runCodeIgniter(Object(CodeIgniter\CodeIgniter))
 9 FCPATH\index.php(56): CodeIgniter\Boot::bootWeb(Object(Config\Paths))
10 SYSTEMPATH\Commands\Server\rewrite.php(49): require_once('C:\\Users\\rafii\\Downloads\\monsikon_be\\public\\index.php')
WARNING - 2025-01-16 00:19:10 --> [DEPRECATED] Creation of dynamic property App\Controllers\Inspection::$userModel is deprecated in APPPATH\Controllers\Inspection.php on line 20.
 1 SYSTEMPATH\CodeIgniter.php(903): App\Controllers\Inspection->__construct()
 2 SYSTEMPATH\CodeIgniter.php(500): CodeIgniter\CodeIgniter->createController()
 3 SYSTEMPATH\CodeIgniter.php(355): CodeIgniter\CodeIgniter->handleRequest(null, Object(Config\Cache), false)
 4 SYSTEMPATH\Boot.php(312): CodeIgniter\CodeIgniter->run()
 5 SYSTEMPATH\Boot.php(67): CodeIgniter\Boot::runCodeIgniter(Object(CodeIgniter\CodeIgniter))
 6 FCPATH\index.php(56): CodeIgniter\Boot::bootWeb(Object(Config\Paths))
 7 SYSTEMPATH\Commands\Server\rewrite.php(49): require_once('C:\\Users\\rafii\\Downloads\\monsikon_be\\public\\index.php')
WARNING - 2025-01-16 00:19:10 --> [DEPRECATED] Creation of dynamic property App\Controllers\Inspection::$inspectionModel is deprecated in APPPATH\Controllers\Inspection.php on line 21.
 1 SYSTEMPATH\CodeIgniter.php(903): App\Controllers\Inspection->__construct()
 2 SYSTEMPATH\CodeIgniter.php(500): CodeIgniter\CodeIgniter->createController()
 3 SYSTEMPATH\CodeIgniter.php(355): CodeIgniter\CodeIgniter->handleRequest(null, Object(Config\Cache), false)
 4 SYSTEMPATH\Boot.php(312): CodeIgniter\CodeIgniter->run()
 5 SYSTEMPATH\Boot.php(67): CodeIgniter\Boot::runCodeIgniter(Object(CodeIgniter\CodeIgniter))
 6 FCPATH\index.php(56): CodeIgniter\Boot::bootWeb(Object(Config\Paths))
 7 SYSTEMPATH\Commands\Server\rewrite.php(49): require_once('C:\\Users\\rafii\\Downloads\\monsikon_be\\public\\index.php')
WARNING - 2025-01-16 00:19:10 --> [DEPRECATED] Creation of dynamic property App\Controllers\Inspection::$curl is deprecated in APPPATH\Controllers\Inspection.php on line 22.
 1 SYSTEMPATH\CodeIgniter.php(903): App\Controllers\Inspection->__construct()
 2 SYSTEMPATH\CodeIgniter.php(500): CodeIgniter\CodeIgniter->createController()
 3 SYSTEMPATH\CodeIgniter.php(355): CodeIgniter\CodeIgniter->handleRequest(null, Object(Config\Cache), false)
 4 SYSTEMPATH\Boot.php(312): CodeIgniter\CodeIgniter->run()
 5 SYSTEMPATH\Boot.php(67): CodeIgniter\Boot::runCodeIgniter(Object(CodeIgniter\CodeIgniter))
 6 FCPATH\index.php(56): CodeIgniter\Boot::bootWeb(Object(Config\Paths))
 7 SYSTEMPATH\Commands\Server\rewrite.php(49): require_once('C:\\Users\\rafii\\Downloads\\monsikon_be\\public\\index.php')
